<?xml version="1.0" encoding="UTF-8"?>
<!-- Generated by org.testng.reporters.JUnitReportReporter -->
<testsuite hostname="COB1086589" failures="0" tests="3" name="apiTesting.restAssured.Basic.LibraryapiTest_JsonParametrization" time="5.986" errors="0" timestamp="2023-04-10T16:48:29 IST" skipped="0">
  <testcase classname="apiTesting.restAssured.Basic.LibraryapiTest_JsonParametrization" name="libraryAPIAddBook" time="5.082"/>
  <system-out/>
  <testcase classname="apiTesting.restAssured.Basic.LibraryapiTest_JsonParametrization" name="libraryAPIAddBook" time="0.442"/>
  <system-out/>
  <testcase classname="apiTesting.restAssured.Basic.LibraryapiTest_JsonParametrization" name="libraryAPIAddBook" time="0.462"/>
  <system-out/>
</testsuite> <!-- apiTesting.restAssured.Basic.LibraryapiTest_JsonParametrization -->
