<?xml version="1.0" encoding="UTF-8"?>
<!-- Generated by org.testng.reporters.JUnitReportReporter -->
<testsuite hostname="COB1086589" failures="0" tests="1" name="apiTesting.restAssured.Basic.ComplexPlayBookPrasingPractice" time="2.857" errors="0" timestamp="2023-04-08T03:07:00 IST" skipped="0">
  <testcase classname="apiTesting.restAssured.Basic.ComplexPlayBookPrasingPractice" name="payloadParsing" time="2.857"/>
  <system-out/>
</testsuite> <!-- apiTesting.restAssured.Basic.ComplexPlayBookPrasingPractice -->
